hand-sign-open-cv-approach/build/intermediates/manifest_merge_blame_file/debug/manifest-merger-blame-debug-report.txt
1<?xml version="1.0" encoding="utf-8"?>
2<manifest xmlns:android="http://schemas.android.com/apk/res/android"
3    package="com.example.imagepro" > <!-- <uses-permission android:name="android.permission.CAMERA" /> -->
4    <!-- <uses-feature android:name="android.hardware.camera.any"/> -->
5    <!-- <uses-feature -->
6    <!-- android:name="android.hardware.camera" -->
7    <!-- android:required="false" /> -->
8    <!-- <uses-feature -->
9    <!-- android:name="android.hardware.camera.autofocus" -->
10    <!-- android:required="false" /> -->
11    <!-- <uses-feature -->
12    <!-- android:name="android.hardware.camera.front" -->
13    <!-- android:required="false" /> -->
14    <!-- <uses-feature -->
15    <!-- android:name="android.hardware.camera.front.autofocus" -->
16    <!-- android:required="false" /> -->
17    <!-- <application -->
18    <!-- android:allowBackup="true" -->
19    <!-- android:icon="@mipmap/ic_launcher" -->
20    <!-- android:label="@string/app_name" -->
21    <!-- android:roundIcon="@mipmap/ic_launcher_round" -->
22    <!-- android:supportsRtl="true" -->
23    <!-- android:theme="@style/Theme.ImagePro"> -->
24    <!-- <activity -->
25    <!-- android:name=".CombineLettersActivity" -->
26    <!-- android:exported="false" /> -->
27    <!-- <activity android:name=".CameraActivity" /> -->
28    <!-- <activity android:name=".MainActivity"> -->
29    <!-- <intent-filter> -->
30    <!-- <action android:name="android.intent.action.MAIN" /> -->
31    <!-- <category android:name="android.intent.category.LAUNCHER" /> -->
32    <!-- </intent-filter> -->
33    <!-- </activity> -->
34    <!-- </application> -->
35    <uses-sdk
36        android:minSdkVersion="21"
36-->src\main\AndroidManifest.xml
37        android:targetSdkVersion="32" />
37-->src\main\AndroidManifest.xml
38
39</manifest>